<?xml version="1.0" encoding="UTF-8"?>
<testng-results skipped="0" failed="0" total="1" passed="1">
  <reporter-output>
  </reporter-output>
  <suite name="Default suite" duration-ms="39840" started-at="2020-09-16T07:48:09Z" finished-at="2020-09-16T07:48:49Z">
    <groups>
    </groups>
    <test name="Default test" duration-ms="39840" started-at="2020-09-16T07:48:09Z" finished-at="2020-09-16T07:48:49Z">
      <class name="com.testcases.FacebookLoginTestCase">
        <test-method status="PASS" signature="launchApp()[pri:0, instance:com.testcases.FacebookLoginTestCase@46074492]" name="launchApp" is-config="true" duration-ms="10734" started-at="2020-09-16T13:18:09Z" finished-at="2020-09-16T13:18:20Z">
          <reporter-output>
          </reporter-output>
        </test-method> <!-- launchApp -->
        <test-method status="PASS" signature="login()[pri:0, instance:com.testcases.FacebookLoginTestCase@46074492]" name="login" duration-ms="709" started-at="2020-09-16T13:18:20Z" finished-at="2020-09-16T13:18:21Z">
          <reporter-output>
          </reporter-output>
        </test-method> <!-- login -->
        <test-method status="PASS" signature="close()[pri:0, instance:com.testcases.FacebookLoginTestCase@46074492]" name="close" is-config="true" duration-ms="28039" started-at="2020-09-16T13:18:21Z" finished-at="2020-09-16T13:18:49Z">
          <reporter-output>
          </reporter-output>
        </test-method> <!-- close -->
      </class> <!-- com.testcases.FacebookLoginTestCase -->
    </test> <!-- Default test -->
  </suite> <!-- Default suite -->
</testng-results>
